[cangussu12.github.io/portifolio/index.html]
[backblue.gif]
[fade.gif]
[index.html]
[unpkg.com/aos@next/dist/aos.0.delayed]
[unpkg.com/aos@3.0.0-beta.6/dist/aos.css]
[maxcdn.bootstrapcdn.com/bootstrap/4.1.0/css/bootstrap.min.css]
[cangussu12.github.io/portifolio/style.css]
[cdn.jsdelivr.net/npm/bootstrap@5.1.3/dist/css/bootstrap.min.css]
[kit.fontawesome.com/e9ae8a408f.js]
[cdn.jsdelivr.net/npm/bootstrap@5.1.3/dist/js/bootstrap.bundle.min.js]
[cdnjs.cloudflare.com/ajax/libs/jquery/3.3.1/jquery.min.js]
[cangussu12.github.io/portifolio/nav.js]
[unpkg.com/aos@next/dist/aos.js]
[unpkg.com/aos@3.0.0-beta.6/dist/aos.js]
[cangussu12.github.io/portifolio/img/carinha.png]
[cangussu12.github.io/portifolio/img/Grupo 4.png]
[cangussu12.github.io/portifolio/img/Icon simple-jquery.png]
[cangussu12.github.io/portifolio/img/Icon simple-adobexd.png]
[cangussu12.github.io/portifolio/img/twiiter-clone.png]
[cangussu12.github.io/portifolio/img/dashboard.png]
[cangussu12.github.io/portifolio/img/crbchamados.png]
[cangussu12.github.io/portifolio/img/projetopessoal.png]
[cangussu12.github.io/portifolio/index.html]
[unpkg.com/aos@3.0.0-beta.6/dist/aos.css]
[maxcdn.bootstrapcdn.com/bootstrap/4.1.0/css/bootstrap.min.css]
[cangussu12.github.io/portifolio/fonts/RobotoRegular.eot]
[cangussu12.github.io/portifolio/fonts/RobotoRegular.woff2]
[cangussu12.github.io/portifolio/fonts/RobotoRegular.woff]
[cangussu12.github.io/portifolio/fonts/RobotoRegular.ttf]
[cangussu12.github.io/portifolio/style.css]
[cdn.jsdelivr.net/npm/bootstrap@5.1.3/dist/css/bootstrap.min.css]
[cangussu12.github.io/portifolio/fonts/RobotoRegular.svg]
[cangussu12.github.io/portifolio/fonts/RobotoRegular.svg]
